[0319/010952.526:ERROR:process_info.cc(608)] range at 0xed192c5400000000, size 0x37 fully unreadable
[0319/010952.528:ERROR:process_info.cc(608)] range at 0xed192cb600000000, size 0x37 fully unreadable
[0319/010952.528:ERROR:process_info.cc(608)] range at 0x0, size 0x37 fully unreadable
[0319/010952.563:WARNING:in_range_cast.h(38)] value 216174981153816576 out of range
[0319/010952.563:WARNING:in_range_cast.h(38)] value 3963227046603142144 out of range
[0319/010952.563:WARNING:in_range_cast.h(38)] value 7710279112052467712 out of range
[0319/010952.582:ERROR:process_reader_win.cc(233)] ReadMemory at 0x37ecf2d000 of 77824 bytes failed: Only part of a ReadProcessMemory or WriteProcessMemory request was completed. (0x12B)
[0319/010952.582:ERROR:crash_report_exception_handler.cc(111)] WriteEverything failed
[0319/010952.583:ERROR:scoped_process_suspend.cc(38)] NtResumeProcess: An attempt was made to access an exiting process.  (0xc000010a)
[0319/011632.591:ERROR:process_reader_win.cc(114)] NtOpenThread: {Access Denied} A process has requested access to an object, but has not been granted those access rights.  (0xc0000022)
[0319/011632.592:ERROR:exception_snapshot_win.cc(87)] thread ID 9800 not found in process
[0319/011632.592:WARNING:crash_report_exception_handler.cc(60)] ProcessSnapshotWin::Initialize failed
[0319/042110.453:ERROR:process_info.cc(608)] range at 0xa6b02c5400000000, size 0x1f fully unreadable
[0319/042110.453:ERROR:process_info.cc(608)] range at 0xa6b02cb600000000, size 0x1f fully unreadable
[0319/042110.453:ERROR:process_info.cc(608)] range at 0x0, size 0x1f fully unreadable
[0319/042110.457:WARNING:in_range_cast.h(38)] value 216174981153816576 out of range
[0319/042110.457:WARNING:in_range_cast.h(38)] value 3963227046603142144 out of range
[0319/042110.457:WARNING:in_range_cast.h(38)] value 7710279112052467712 out of range
[0319/042807.302:ERROR:process_info.cc(608)] range at 0x2742c5400000000, size 0x39 fully unreadable
[0319/042807.303:ERROR:process_info.cc(608)] range at 0x2742cb600000000, size 0x39 fully unreadable
[0319/042807.303:ERROR:process_info.cc(608)] range at 0x0, size 0x39 fully unreadable
[0319/042807.306:WARNING:in_range_cast.h(38)] value 216174981153816576 out of range
[0319/042807.306:WARNING:in_range_cast.h(38)] value 3963227046603142144 out of range
[0319/042807.306:WARNING:in_range_cast.h(38)] value 7710279112052467712 out of range
[0319/042856.495:ERROR:process_reader_win.cc(114)] NtOpenThread: {Access Denied} A process has requested access to an object, but has not been granted those access rights.  (0xc0000022)
[0319/042856.496:ERROR:exception_snapshot_win.cc(87)] thread ID 3688 not found in process
[0319/042856.496:WARNING:crash_report_exception_handler.cc(60)] ProcessSnapshotWin::Initialize failed
[0319/043817.199:ERROR:process_info.cc(608)] range at 0x92b22c5400000000, size 0xb6 fully unreadable
[0319/043817.199:ERROR:process_info.cc(608)] range at 0x92b22cb600000000, size 0xb6 fully unreadable
[0319/043817.199:ERROR:process_info.cc(608)] range at 0x0, size 0xb6 fully unreadable
[0319/043817.202:WARNING:in_range_cast.h(38)] value 216174981153816576 out of range
[0319/043817.202:WARNING:in_range_cast.h(38)] value 3963227046603142144 out of range
[0319/043817.202:WARNING:in_range_cast.h(38)] value 7710279112052467712 out of range
[0319/043959.310:ERROR:process_info.cc(608)] range at 0x554f2c5400000000, size 0xff fully unreadable
[0319/043959.310:ERROR:process_info.cc(608)] range at 0x554f2cb600000000, size 0xff fully unreadable
[0319/043959.310:ERROR:process_info.cc(608)] range at 0x0, size 0xff fully unreadable
[0319/043959.314:WARNING:in_range_cast.h(38)] value 216174981153816576 out of range
[0319/043959.314:WARNING:in_range_cast.h(38)] value 3963227046603142144 out of range
[0319/043959.314:WARNING:in_range_cast.h(38)] value 7710279112052467712 out of range
[0319/043959.331:ERROR:process_info.cc(608)] range at 0xad12c2c00000000, size 0x8d fully unreadable
[0319/043959.331:ERROR:process_info.cc(608)] range at 0xad12c8e00000000, size 0x8d fully unreadable
[0319/043959.331:ERROR:process_info.cc(608)] range at 0x0, size 0x8d fully unreadable
[0319/043959.334:WARNING:in_range_cast.h(38)] value 216174981153816576 out of range
[0319/043959.334:WARNING:in_range_cast.h(38)] value 3963227046603142144 out of range
[0319/043959.334:WARNING:in_range_cast.h(38)] value 7710279112052467712 out of range
[0319/045459.394:ERROR:process_info.cc(608)] range at 0x94132c5200000000, size 0x63 fully unreadable
[0319/045459.394:ERROR:process_info.cc(608)] range at 0x94132cb200000000, size 0x63 fully unreadable
[0319/045459.394:ERROR:process_info.cc(608)] range at 0x0, size 0x63 fully unreadable
[0319/045459.397:WARNING:in_range_cast.h(38)] value 216174981153816576 out of range
[0319/045459.397:WARNING:in_range_cast.h(38)] value 3963227046603142144 out of range
[0319/045459.397:WARNING:in_range_cast.h(38)] value 7710279112052467712 out of range
[0319/050431.445:ERROR:process_reader_win.cc(114)] NtOpenThread: {Access Denied} A process has requested access to an object, but has not been granted those access rights.  (0xc0000022)
[0319/050431.446:ERROR:exception_snapshot_win.cc(87)] thread ID 8292 not found in process
[0319/050431.446:WARNING:crash_report_exception_handler.cc(60)] ProcessSnapshotWin::Initialize failed
[0319/050811.582:ERROR:process_info.cc(608)] range at 0xef092c5400000000, size 0x4d fully unreadable
[0319/050811.583:ERROR:process_info.cc(608)] range at 0xef092cb600000000, size 0x4d fully unreadable
[0319/050811.583:ERROR:process_info.cc(608)] range at 0x0, size 0x4d fully unreadable
[0319/050811.587:WARNING:in_range_cast.h(38)] value 216174981153816576 out of range
[0319/050811.587:WARNING:in_range_cast.h(38)] value 3963227046603142144 out of range
[0319/050811.587:WARNING:in_range_cast.h(38)] value 7710279112052467712 out of range
[0319/050811.614:ERROR:process_info.cc(608)] range at 0x8c492c2c00000000, size 0x7d fully unreadable
[0319/050811.614:ERROR:process_info.cc(608)] range at 0x8c492c8e00000000, size 0x7d fully unreadable
[0319/050811.614:ERROR:process_info.cc(608)] range at 0x0, size 0x7d fully unreadable
[0319/050811.617:WARNING:in_range_cast.h(38)] value 216174981153816576 out of range
[0319/050811.617:WARNING:in_range_cast.h(38)] value 3963227046603142144 out of range
[0319/050811.617:WARNING:in_range_cast.h(38)] value 7710279112052467712 out of range
[0319/050847.805:ERROR:process_info.cc(608)] range at 0x95352c5200000000, size 0x22 fully unreadable
[0319/050847.806:ERROR:process_info.cc(608)] range at 0x95352cb400000000, size 0x22 fully unreadable
[0319/050847.806:ERROR:process_info.cc(608)] range at 0x0, size 0x22 fully unreadable
[0319/050847.810:WARNING:in_range_cast.h(38)] value 216174981153816576 out of range
[0319/050847.810:WARNING:in_range_cast.h(38)] value 3963227046603142144 out of range
[0319/050847.810:WARNING:in_range_cast.h(38)] value 7710279112052467712 out of range
[0319/050847.830:ERROR:process_info.cc(608)] range at 0x2b32c2a00000000, size 0xad fully unreadable
[0319/050847.830:ERROR:process_info.cc(608)] range at 0x2b32c8c00000000, size 0xad fully unreadable
[0319/050847.830:ERROR:process_info.cc(608)] range at 0x0, size 0xad fully unreadable
[0319/050847.832:WARNING:in_range_cast.h(38)] value 216174981153816576 out of range
[0319/050847.832:WARNING:in_range_cast.h(38)] value 3963227046603142144 out of range
[0319/050847.832:WARNING:in_range_cast.h(38)] value 7710279112052467712 out of range
[0319/051511.293:ERROR:process_info.cc(608)] range at 0xcdab2c5400000000, size 0x1e fully unreadable
[0319/051511.293:ERROR:process_info.cc(608)] range at 0xcdab2cb600000000, size 0x1e fully unreadable
[0319/051511.293:ERROR:process_info.cc(608)] range at 0x0, size 0x1e fully unreadable
[0319/051511.296:WARNING:in_range_cast.h(38)] value 216174981153816576 out of range
[0319/051511.296:WARNING:in_range_cast.h(38)] value 3963227046603142144 out of range
[0319/051511.296:WARNING:in_range_cast.h(38)] value 7710279112052467712 out of range
