[0331/180628.121:ERROR:process_reader_win.cc(114)] NtOpenThread: {Access Denied} A process has requested access to an object, but has not been granted those access rights.  (0xc0000022)
[0331/180628.123:ERROR:exception_snapshot_win.cc(87)] thread ID 9608 not found in process
[0331/180628.123:WARNING:crash_report_exception_handler.cc(60)] ProcessSnapshotWin::Initialize failed
[0331/180655.646:ERROR:process_reader_win.cc(114)] NtOpenThread: {Access Denied} A process has requested access to an object, but has not been granted those access rights.  (0xc0000022)
[0331/180655.648:ERROR:exception_snapshot_win.cc(87)] thread ID 10016 not found in process
[0331/180655.648:WARNING:crash_report_exception_handler.cc(60)] ProcessSnapshotWin::Initialize failed
[0331/181116.227:ERROR:process_info.cc(625)] range at 0x801e2cf800000000, size 0x6 fully unreadable
[0331/181116.228:ERROR:process_info.cc(625)] range at 0x801e2d5a00000000, size 0x6 fully unreadable
[0331/181116.228:ERROR:process_info.cc(625)] range at 0x0, size 0x6 fully unreadable
[0331/232456.174:ERROR:process_info.cc(608)] range at 0x18da2c3000000000, size 0xdf fully unreadable
[0331/232456.175:ERROR:process_info.cc(608)] range at 0x18da2c9200000000, size 0xdf fully unreadable
[0331/232456.175:ERROR:process_info.cc(608)] range at 0x0, size 0xdf fully unreadable
[0331/232456.181:WARNING:in_range_cast.h(38)] value 216174981153816576 out of range
[0331/232456.181:WARNING:in_range_cast.h(38)] value 3963227046603142144 out of range
[0331/232456.181:WARNING:in_range_cast.h(38)] value 7710279112052467712 out of range
[0331/232549.796:ERROR:process_info.cc(608)] range at 0x1c532c5200000000, size 0xdb fully unreadable
[0331/232549.797:ERROR:process_info.cc(608)] range at 0x1c532cb200000000, size 0xdb fully unreadable
[0331/232549.797:ERROR:process_info.cc(608)] range at 0x0, size 0xdb fully unreadable
[0331/232549.801:WARNING:in_range_cast.h(38)] value 216174981153816576 out of range
[0331/232549.801:WARNING:in_range_cast.h(38)] value 3963227046603142144 out of range
[0331/232549.801:WARNING:in_range_cast.h(38)] value 7710279112052467712 out of range
[0331/232549.834:ERROR:process_info.cc(608)] range at 0xc5af2c2a00000000, size 0xf6 fully unreadable
[0331/232549.834:ERROR:process_info.cc(608)] range at 0xc5af2c8a00000000, size 0xf6 fully unreadable
[0331/232549.834:ERROR:process_info.cc(608)] range at 0x0, size 0xf6 fully unreadable
[0331/232549.838:WARNING:in_range_cast.h(38)] value 216174981153816576 out of range
[0331/232549.838:WARNING:in_range_cast.h(38)] value 3963227046603142144 out of range
[0331/232549.838:WARNING:in_range_cast.h(38)] value 7710279112052467712 out of range
[0331/233003.396:ERROR:process_reader_win.cc(114)] NtOpenThread: {Access Denied} A process has requested access to an object, but has not been granted those access rights.  (0xc0000022)
[0331/233003.397:ERROR:exception_snapshot_win.cc(87)] thread ID 912 not found in process
[0331/233003.397:WARNING:crash_report_exception_handler.cc(60)] ProcessSnapshotWin::Initialize failed
[0331/233129.363:ERROR:process_info.cc(608)] range at 0xa62f2c4c00000000, size 0xad fully unreadable
[0331/233129.364:ERROR:process_info.cc(608)] range at 0xa62f2cae00000000, size 0xad fully unreadable
[0331/233129.364:ERROR:process_info.cc(608)] range at 0x0, size 0xad fully unreadable
[0331/233129.380:WARNING:in_range_cast.h(38)] value 216174981153816576 out of range
[0331/233129.380:WARNING:in_range_cast.h(38)] value 3963227046603142144 out of range
[0331/233129.380:WARNING:in_range_cast.h(38)] value 7710279112052467712 out of range
